<?xml version="1.0" encoding="UTF-8"?>
<!-- Generated by org.testng.reporters.JUnitXMLReporter -->
<testsuite ignored="0" hostname="LAPTOP-ATT95DKU" failures="0" tests="3" name="Default test" time="0.831" errors="0" timestamp="2024-03-27T14:31:15 IST">
  <testcase classname="extentReports.ExtendReportDemo" name="homePage" time="0.021"/>
  <testcase classname="extentReports.ExtendReportDemo" name="login" time="0.024"/>
  <testcase classname="extentReports.ExtendReportDemo" name="productpage" time="0.014"/>
</testsuite> <!-- Default test -->
