<?xml version="1.0" encoding="UTF-8"?>
<testng-results ignored="0" total="3" passed="3" failed="0" skipped="0">
  <reporter-output>
  </reporter-output>
  <suite started-at="2024-03-27T14:31:14 IST" name="Default suite" finished-at="2024-03-27T14:31:15 IST" duration-ms="831">
    <groups>
    </groups>
    <test started-at="2024-03-27T14:31:14 IST" name="Default test" finished-at="2024-03-27T14:31:15 IST" duration-ms="831">
      <class name="extentReports.ExtendReportDemo">
        <test-method is-config="true" signature="start()[pri:0, instance:extentReports.ExtendReportDemo@411f53a0]" started-at="2024-03-27T14:31:14 IST" name="start" finished-at="2024-03-27T14:31:15 IST" duration-ms="340" status="PASS">
          <reporter-output>
          </reporter-output>
        </test-method> <!-- start -->
        <test-method signature="homePage()[pri:0, instance:extentReports.ExtendReportDemo@411f53a0]" started-at="2024-03-27T14:31:15 IST" name="homePage" finished-at="2024-03-27T14:31:15 IST" duration-ms="21" status="PASS">
          <reporter-output>
          </reporter-output>
        </test-method> <!-- homePage -->
        <test-method signature="login()[pri:0, instance:extentReports.ExtendReportDemo@411f53a0]" started-at="2024-03-27T14:31:15 IST" name="login" finished-at="2024-03-27T14:31:15 IST" duration-ms="24" status="PASS">
          <reporter-output>
          </reporter-output>
        </test-method> <!-- login -->
        <test-method signature="productpage()[pri:0, instance:extentReports.ExtendReportDemo@411f53a0]" started-at="2024-03-27T14:31:15 IST" name="productpage" finished-at="2024-03-27T14:31:15 IST" duration-ms="14" status="PASS">
          <reporter-output>
          </reporter-output>
        </test-method> <!-- productpage -->
        <test-method is-config="true" signature="tearDown()[pri:0, instance:extentReports.ExtendReportDemo@411f53a0]" started-at="2024-03-27T14:31:15 IST" name="tearDown" finished-at="2024-03-27T14:31:15 IST" duration-ms="387" status="PASS">
          <reporter-output>
          </reporter-output>
        </test-method> <!-- tearDown -->
      </class> <!-- extentReports.ExtendReportDemo -->
    </test> <!-- Default test -->
  </suite> <!-- Default suite -->
</testng-results>
